[2023-09-06T08:16:19.303+0000] {manager.py:488} INFO - Processing files using up to 2 processes at a time 
[2023-09-06T08:16:19.303+0000] {manager.py:489} INFO - Process each file at most once every 30 seconds
[2023-09-06T08:16:19.303+0000] {manager.py:490} INFO - Checking for new files in /opt/airflow/dags every 300 seconds
[2023-09-06T08:16:19.303+0000] {manager.py:760} INFO - Searching for files in /opt/airflow/dags
[2023-09-06T08:16:19.304+0000] {manager.py:763} INFO - There are 0 files in /opt/airflow/dags
[2023-09-06T08:21:20.031+0000] {manager.py:760} INFO - Searching for files in /opt/airflow/dags
[2023-09-06T08:21:20.033+0000] {manager.py:763} INFO - There are 0 files in /opt/airflow/dags
[2023-09-06T08:26:20.663+0000] {manager.py:760} INFO - Searching for files in /opt/airflow/dags
[2023-09-06T08:26:20.664+0000] {manager.py:763} INFO - There are 1 files in /opt/airflow/dags
[2023-09-06T08:26:26.766+0000] {manager.py:888} INFO - 
================================================================================
DAG File Processing Stats

File Path                        PID    Runtime      # DAGs    # Errors  Last Runtime    Last Run
-------------------------------  -----  ---------  --------  ----------  --------------  -------------------
/opt/airflow/dags/sample_dag.py                           0           0  0.04s           2023-09-06T08:26:20
================================================================================
[2023-09-06T08:26:56.936+0000] {manager.py:888} INFO - 
================================================================================
DAG File Processing Stats

File Path                        PID    Runtime      # DAGs    # Errors  Last Runtime    Last Run
-------------------------------  -----  ---------  --------  ----------  --------------  -------------------
/opt/airflow/dags/sample_dag.py                           1           0  0.30s           2023-09-06T08:26:36
================================================================================
[2023-09-06T08:27:27.382+0000] {manager.py:888} INFO - 
================================================================================
DAG File Processing Stats

File Path                        PID    Runtime      # DAGs    # Errors  Last Runtime    Last Run
-------------------------------  -----  ---------  --------  ----------  --------------  -------------------
/opt/airflow/dags/sample_dag.py                           1           0  0.21s           2023-09-06T08:27:06
================================================================================
[2023-09-06T08:27:57.764+0000] {manager.py:888} INFO - 
================================================================================
DAG File Processing Stats

File Path                        PID    Runtime      # DAGs    # Errors  Last Runtime    Last Run
-------------------------------  -----  ---------  --------  ----------  --------------  -------------------
/opt/airflow/dags/sample_dag.py                           1           0  0.11s           2023-09-06T08:27:36
================================================================================
[2023-09-06T08:28:27.996+0000] {manager.py:888} INFO - 
================================================================================
DAG File Processing Stats

File Path                        PID    Runtime      # DAGs    # Errors  Last Runtime    Last Run
-------------------------------  -----  ---------  --------  ----------  --------------  -------------------
/opt/airflow/dags/sample_dag.py                           1           0  0.08s           2023-09-06T08:28:06
================================================================================
[2023-09-06T08:28:58.209+0000] {manager.py:888} INFO - 
================================================================================
DAG File Processing Stats

File Path                        PID    Runtime      # DAGs    # Errors  Last Runtime    Last Run
-------------------------------  -----  ---------  --------  ----------  --------------  -------------------
/opt/airflow/dags/sample_dag.py                           1           0  0.08s           2023-09-06T08:28:37
================================================================================
[2023-09-06T08:29:28.424+0000] {manager.py:888} INFO - 
================================================================================
DAG File Processing Stats

File Path                        PID    Runtime      # DAGs    # Errors  Last Runtime    Last Run
-------------------------------  -----  ---------  --------  ----------  --------------  -------------------
/opt/airflow/dags/sample_dag.py                           1           0  0.09s           2023-09-06T08:29:07
================================================================================
[2023-09-06T08:29:58.670+0000] {manager.py:888} INFO - 
================================================================================
DAG File Processing Stats

File Path                        PID    Runtime      # DAGs    # Errors  Last Runtime    Last Run
-------------------------------  -----  ---------  --------  ----------  --------------  -------------------
/opt/airflow/dags/sample_dag.py                           1           0  0.08s           2023-09-06T08:29:37
================================================================================
[2023-09-06T08:30:28.869+0000] {manager.py:888} INFO - 
================================================================================
DAG File Processing Stats

File Path                        PID    Runtime      # DAGs    # Errors  Last Runtime    Last Run
-------------------------------  -----  ---------  --------  ----------  --------------  -------------------
/opt/airflow/dags/sample_dag.py                           1           0  0.08s           2023-09-06T08:30:07
================================================================================
[2023-09-06T08:30:59.099+0000] {manager.py:888} INFO - 
================================================================================
DAG File Processing Stats

File Path                        PID    Runtime      # DAGs    # Errors  Last Runtime    Last Run
-------------------------------  -----  ---------  --------  ----------  --------------  -------------------
/opt/airflow/dags/sample_dag.py                           1           0  0.08s           2023-09-06T08:30:38
================================================================================
