[2023-09-06T08:26:20.728+0000] {processor.py:157} INFO - Started process (PID=182) to work on /opt/airflow/dags/sample_dag.py
[2023-09-06T08:26:20.729+0000] {processor.py:829} INFO - Processing file /opt/airflow/dags/sample_dag.py for tasks to queue
[2023-09-06T08:26:20.730+0000] {logging_mixin.py:151} INFO - [2023-09-06T08:26:20.730+0000] {dagbag.py:539} INFO - Filling up the DagBag from /opt/airflow/dags/sample_dag.py
[2023-09-06T08:26:20.735+0000] {processor.py:841} WARNING - No viable dags retrieved from /opt/airflow/dags/sample_dag.py
[2023-09-06T08:26:20.753+0000] {processor.py:179} INFO - Processing /opt/airflow/dags/sample_dag.py took 0.028 seconds
[2023-09-06T08:26:35.837+0000] {processor.py:157} INFO - Started process (PID=183) to work on /opt/airflow/dags/sample_dag.py
[2023-09-06T08:26:35.838+0000] {processor.py:829} INFO - Processing file /opt/airflow/dags/sample_dag.py for tasks to queue
[2023-09-06T08:26:35.840+0000] {logging_mixin.py:151} INFO - [2023-09-06T08:26:35.839+0000] {dagbag.py:539} INFO - Filling up the DagBag from /opt/airflow/dags/sample_dag.py
[2023-09-06T08:26:35.859+0000] {processor.py:839} INFO - DAG(s) dict_keys(['sample_dag']) retrieved from /opt/airflow/dags/sample_dag.py
[2023-09-06T08:26:36.059+0000] {logging_mixin.py:151} INFO - [2023-09-06T08:26:36.059+0000] {manager.py:501} INFO - Created Permission View: can edit on DAG:sample_dag
[2023-09-06T08:26:36.072+0000] {logging_mixin.py:151} INFO - [2023-09-06T08:26:36.072+0000] {manager.py:501} INFO - Created Permission View: can delete on DAG:sample_dag
[2023-09-06T08:26:36.079+0000] {logging_mixin.py:151} INFO - [2023-09-06T08:26:36.078+0000] {manager.py:501} INFO - Created Permission View: can read on DAG:sample_dag
[2023-09-06T08:26:36.091+0000] {logging_mixin.py:151} INFO - [2023-09-06T08:26:36.091+0000] {dag.py:2907} INFO - Sync 1 DAGs
[2023-09-06T08:26:36.099+0000] {logging_mixin.py:151} INFO - [2023-09-06T08:26:36.099+0000] {dag.py:2929} INFO - Creating ORM DAG for sample_dag
[2023-09-06T08:26:36.100+0000] {logging_mixin.py:151} INFO - [2023-09-06T08:26:36.100+0000] {dag.py:3677} INFO - Setting next_dagrun for sample_dag to None, run_after=None
[2023-09-06T08:26:36.121+0000] {processor.py:179} INFO - Processing /opt/airflow/dags/sample_dag.py took 0.287 seconds
[2023-09-06T08:27:06.272+0000] {processor.py:157} INFO - Started process (PID=191) to work on /opt/airflow/dags/sample_dag.py
[2023-09-06T08:27:06.300+0000] {processor.py:829} INFO - Processing file /opt/airflow/dags/sample_dag.py for tasks to queue
[2023-09-06T08:27:06.316+0000] {logging_mixin.py:151} INFO - [2023-09-06T08:27:06.315+0000] {dagbag.py:539} INFO - Filling up the DagBag from /opt/airflow/dags/sample_dag.py
[2023-09-06T08:27:06.325+0000] {processor.py:839} INFO - DAG(s) dict_keys(['sample_dag']) retrieved from /opt/airflow/dags/sample_dag.py
[2023-09-06T08:27:06.362+0000] {logging_mixin.py:151} INFO - [2023-09-06T08:27:06.361+0000] {dag.py:2907} INFO - Sync 1 DAGs
[2023-09-06T08:27:06.380+0000] {logging_mixin.py:151} INFO - [2023-09-06T08:27:06.380+0000] {dag.py:3677} INFO - Setting next_dagrun for sample_dag to None, run_after=None
[2023-09-06T08:27:06.398+0000] {processor.py:179} INFO - Processing /opt/airflow/dags/sample_dag.py took 0.134 seconds
[2023-09-06T08:27:36.636+0000] {processor.py:157} INFO - Started process (PID=200) to work on /opt/airflow/dags/sample_dag.py
[2023-09-06T08:27:36.639+0000] {processor.py:829} INFO - Processing file /opt/airflow/dags/sample_dag.py for tasks to queue
[2023-09-06T08:27:36.641+0000] {logging_mixin.py:151} INFO - [2023-09-06T08:27:36.641+0000] {dagbag.py:539} INFO - Filling up the DagBag from /opt/airflow/dags/sample_dag.py
[2023-09-06T08:27:36.666+0000] {processor.py:839} INFO - DAG(s) dict_keys(['sample_dag']) retrieved from /opt/airflow/dags/sample_dag.py
[2023-09-06T08:27:36.694+0000] {logging_mixin.py:151} INFO - [2023-09-06T08:27:36.694+0000] {dag.py:2907} INFO - Sync 1 DAGs
[2023-09-06T08:27:36.705+0000] {logging_mixin.py:151} INFO - [2023-09-06T08:27:36.704+0000] {dag.py:3677} INFO - Setting next_dagrun for sample_dag to None, run_after=None
[2023-09-06T08:27:36.722+0000] {processor.py:179} INFO - Processing /opt/airflow/dags/sample_dag.py took 0.090 seconds
[2023-09-06T08:28:06.822+0000] {processor.py:157} INFO - Started process (PID=208) to work on /opt/airflow/dags/sample_dag.py
[2023-09-06T08:28:06.824+0000] {processor.py:829} INFO - Processing file /opt/airflow/dags/sample_dag.py for tasks to queue
[2023-09-06T08:28:06.826+0000] {logging_mixin.py:151} INFO - [2023-09-06T08:28:06.826+0000] {dagbag.py:539} INFO - Filling up the DagBag from /opt/airflow/dags/sample_dag.py
[2023-09-06T08:28:06.835+0000] {processor.py:839} INFO - DAG(s) dict_keys(['sample_dag']) retrieved from /opt/airflow/dags/sample_dag.py
[2023-09-06T08:28:06.858+0000] {logging_mixin.py:151} INFO - [2023-09-06T08:28:06.857+0000] {dag.py:2907} INFO - Sync 1 DAGs
[2023-09-06T08:28:06.869+0000] {logging_mixin.py:151} INFO - [2023-09-06T08:28:06.869+0000] {dag.py:3677} INFO - Setting next_dagrun for sample_dag to None, run_after=None
[2023-09-06T08:28:06.886+0000] {processor.py:179} INFO - Processing /opt/airflow/dags/sample_dag.py took 0.067 seconds
[2023-09-06T08:28:37.061+0000] {processor.py:157} INFO - Started process (PID=216) to work on /opt/airflow/dags/sample_dag.py
[2023-09-06T08:28:37.062+0000] {processor.py:829} INFO - Processing file /opt/airflow/dags/sample_dag.py for tasks to queue
[2023-09-06T08:28:37.064+0000] {logging_mixin.py:151} INFO - [2023-09-06T08:28:37.064+0000] {dagbag.py:539} INFO - Filling up the DagBag from /opt/airflow/dags/sample_dag.py
[2023-09-06T08:28:37.072+0000] {processor.py:839} INFO - DAG(s) dict_keys(['sample_dag']) retrieved from /opt/airflow/dags/sample_dag.py
[2023-09-06T08:28:37.096+0000] {logging_mixin.py:151} INFO - [2023-09-06T08:28:37.096+0000] {dag.py:2907} INFO - Sync 1 DAGs
[2023-09-06T08:28:37.107+0000] {logging_mixin.py:151} INFO - [2023-09-06T08:28:37.106+0000] {dag.py:3677} INFO - Setting next_dagrun for sample_dag to None, run_after=None
[2023-09-06T08:28:37.126+0000] {processor.py:179} INFO - Processing /opt/airflow/dags/sample_dag.py took 0.068 seconds
[2023-09-06T08:29:07.275+0000] {processor.py:157} INFO - Started process (PID=224) to work on /opt/airflow/dags/sample_dag.py
[2023-09-06T08:29:07.277+0000] {processor.py:829} INFO - Processing file /opt/airflow/dags/sample_dag.py for tasks to queue
[2023-09-06T08:29:07.279+0000] {logging_mixin.py:151} INFO - [2023-09-06T08:29:07.278+0000] {dagbag.py:539} INFO - Filling up the DagBag from /opt/airflow/dags/sample_dag.py
[2023-09-06T08:29:07.290+0000] {processor.py:839} INFO - DAG(s) dict_keys(['sample_dag']) retrieved from /opt/airflow/dags/sample_dag.py
[2023-09-06T08:29:07.316+0000] {logging_mixin.py:151} INFO - [2023-09-06T08:29:07.315+0000] {dag.py:2907} INFO - Sync 1 DAGs
[2023-09-06T08:29:07.326+0000] {logging_mixin.py:151} INFO - [2023-09-06T08:29:07.326+0000] {dag.py:3677} INFO - Setting next_dagrun for sample_dag to None, run_after=None
[2023-09-06T08:29:07.349+0000] {processor.py:179} INFO - Processing /opt/airflow/dags/sample_dag.py took 0.078 seconds
[2023-09-06T08:29:37.495+0000] {processor.py:157} INFO - Started process (PID=233) to work on /opt/airflow/dags/sample_dag.py
[2023-09-06T08:29:37.497+0000] {processor.py:829} INFO - Processing file /opt/airflow/dags/sample_dag.py for tasks to queue
[2023-09-06T08:29:37.498+0000] {logging_mixin.py:151} INFO - [2023-09-06T08:29:37.498+0000] {dagbag.py:539} INFO - Filling up the DagBag from /opt/airflow/dags/sample_dag.py
[2023-09-06T08:29:37.507+0000] {processor.py:839} INFO - DAG(s) dict_keys(['sample_dag']) retrieved from /opt/airflow/dags/sample_dag.py
[2023-09-06T08:29:37.533+0000] {logging_mixin.py:151} INFO - [2023-09-06T08:29:37.532+0000] {dag.py:2907} INFO - Sync 1 DAGs
[2023-09-06T08:29:37.545+0000] {logging_mixin.py:151} INFO - [2023-09-06T08:29:37.545+0000] {dag.py:3677} INFO - Setting next_dagrun for sample_dag to None, run_after=None
[2023-09-06T08:29:37.562+0000] {processor.py:179} INFO - Processing /opt/airflow/dags/sample_dag.py took 0.070 seconds
[2023-09-06T08:30:07.739+0000] {processor.py:157} INFO - Started process (PID=241) to work on /opt/airflow/dags/sample_dag.py
[2023-09-06T08:30:07.739+0000] {processor.py:829} INFO - Processing file /opt/airflow/dags/sample_dag.py for tasks to queue
[2023-09-06T08:30:07.742+0000] {logging_mixin.py:151} INFO - [2023-09-06T08:30:07.741+0000] {dagbag.py:539} INFO - Filling up the DagBag from /opt/airflow/dags/sample_dag.py
[2023-09-06T08:30:07.750+0000] {processor.py:839} INFO - DAG(s) dict_keys(['sample_dag']) retrieved from /opt/airflow/dags/sample_dag.py
[2023-09-06T08:30:07.773+0000] {logging_mixin.py:151} INFO - [2023-09-06T08:30:07.772+0000] {dag.py:2907} INFO - Sync 1 DAGs
[2023-09-06T08:30:07.782+0000] {logging_mixin.py:151} INFO - [2023-09-06T08:30:07.782+0000] {dag.py:3677} INFO - Setting next_dagrun for sample_dag to None, run_after=None
[2023-09-06T08:30:07.800+0000] {processor.py:179} INFO - Processing /opt/airflow/dags/sample_dag.py took 0.064 seconds
[2023-09-06T08:30:37.948+0000] {processor.py:157} INFO - Started process (PID=249) to work on /opt/airflow/dags/sample_dag.py
[2023-09-06T08:30:37.950+0000] {processor.py:829} INFO - Processing file /opt/airflow/dags/sample_dag.py for tasks to queue
[2023-09-06T08:30:37.952+0000] {logging_mixin.py:151} INFO - [2023-09-06T08:30:37.951+0000] {dagbag.py:539} INFO - Filling up the DagBag from /opt/airflow/dags/sample_dag.py
[2023-09-06T08:30:37.960+0000] {processor.py:839} INFO - DAG(s) dict_keys(['sample_dag']) retrieved from /opt/airflow/dags/sample_dag.py
[2023-09-06T08:30:37.983+0000] {logging_mixin.py:151} INFO - [2023-09-06T08:30:37.982+0000] {dag.py:2907} INFO - Sync 1 DAGs
[2023-09-06T08:30:37.993+0000] {logging_mixin.py:151} INFO - [2023-09-06T08:30:37.993+0000] {dag.py:3677} INFO - Setting next_dagrun for sample_dag to None, run_after=None
[2023-09-06T08:30:38.010+0000] {processor.py:179} INFO - Processing /opt/airflow/dags/sample_dag.py took 0.066 seconds
[2023-09-06T08:31:08.159+0000] {processor.py:157} INFO - Started process (PID=257) to work on /opt/airflow/dags/sample_dag.py
[2023-09-06T08:31:08.170+0000] {processor.py:829} INFO - Processing file /opt/airflow/dags/sample_dag.py for tasks to queue
[2023-09-06T08:31:08.172+0000] {logging_mixin.py:151} INFO - [2023-09-06T08:31:08.172+0000] {dagbag.py:539} INFO - Filling up the DagBag from /opt/airflow/dags/sample_dag.py
[2023-09-06T08:31:08.180+0000] {processor.py:839} INFO - DAG(s) dict_keys(['sample_dag']) retrieved from /opt/airflow/dags/sample_dag.py
[2023-09-06T08:31:08.204+0000] {logging_mixin.py:151} INFO - [2023-09-06T08:31:08.204+0000] {dag.py:2907} INFO - Sync 1 DAGs
[2023-09-06T08:31:08.216+0000] {logging_mixin.py:151} INFO - [2023-09-06T08:31:08.216+0000] {dag.py:3677} INFO - Setting next_dagrun for sample_dag to None, run_after=None
[2023-09-06T08:31:08.234+0000] {processor.py:179} INFO - Processing /opt/airflow/dags/sample_dag.py took 0.077 seconds
[2023-09-06T08:31:38.385+0000] {processor.py:157} INFO - Started process (PID=264) to work on /opt/airflow/dags/sample_dag.py
[2023-09-06T08:31:38.387+0000] {processor.py:829} INFO - Processing file /opt/airflow/dags/sample_dag.py for tasks to queue
[2023-09-06T08:31:38.389+0000] {logging_mixin.py:151} INFO - [2023-09-06T08:31:38.388+0000] {dagbag.py:539} INFO - Filling up the DagBag from /opt/airflow/dags/sample_dag.py
[2023-09-06T08:31:38.398+0000] {processor.py:839} INFO - DAG(s) dict_keys(['sample_dag']) retrieved from /opt/airflow/dags/sample_dag.py
[2023-09-06T08:31:38.422+0000] {logging_mixin.py:151} INFO - [2023-09-06T08:31:38.422+0000] {dag.py:2907} INFO - Sync 1 DAGs
[2023-09-06T08:31:38.433+0000] {logging_mixin.py:151} INFO - [2023-09-06T08:31:38.433+0000] {dag.py:3677} INFO - Setting next_dagrun for sample_dag to None, run_after=None
[2023-09-06T08:31:38.450+0000] {processor.py:179} INFO - Processing /opt/airflow/dags/sample_dag.py took 0.067 seconds
[2023-09-06T08:32:08.567+0000] {processor.py:157} INFO - Started process (PID=272) to work on /opt/airflow/dags/sample_dag.py
[2023-09-06T08:32:08.568+0000] {processor.py:829} INFO - Processing file /opt/airflow/dags/sample_dag.py for tasks to queue
[2023-09-06T08:32:08.571+0000] {logging_mixin.py:151} INFO - [2023-09-06T08:32:08.571+0000] {dagbag.py:539} INFO - Filling up the DagBag from /opt/airflow/dags/sample_dag.py
[2023-09-06T08:32:08.579+0000] {processor.py:839} INFO - DAG(s) dict_keys(['sample_dag']) retrieved from /opt/airflow/dags/sample_dag.py
[2023-09-06T08:32:08.603+0000] {logging_mixin.py:151} INFO - [2023-09-06T08:32:08.603+0000] {dag.py:2907} INFO - Sync 1 DAGs
[2023-09-06T08:32:08.613+0000] {logging_mixin.py:151} INFO - [2023-09-06T08:32:08.613+0000] {dag.py:3677} INFO - Setting next_dagrun for sample_dag to None, run_after=None
[2023-09-06T08:32:08.630+0000] {processor.py:179} INFO - Processing /opt/airflow/dags/sample_dag.py took 0.066 seconds
[2023-09-06T08:32:38.769+0000] {processor.py:157} INFO - Started process (PID=280) to work on /opt/airflow/dags/sample_dag.py
[2023-09-06T08:32:38.771+0000] {processor.py:829} INFO - Processing file /opt/airflow/dags/sample_dag.py for tasks to queue
[2023-09-06T08:32:38.773+0000] {logging_mixin.py:151} INFO - [2023-09-06T08:32:38.773+0000] {dagbag.py:539} INFO - Filling up the DagBag from /opt/airflow/dags/sample_dag.py
[2023-09-06T08:32:38.781+0000] {processor.py:839} INFO - DAG(s) dict_keys(['sample_dag']) retrieved from /opt/airflow/dags/sample_dag.py
[2023-09-06T08:32:38.811+0000] {logging_mixin.py:151} INFO - [2023-09-06T08:32:38.811+0000] {dag.py:2907} INFO - Sync 1 DAGs
[2023-09-06T08:32:38.822+0000] {logging_mixin.py:151} INFO - [2023-09-06T08:32:38.822+0000] {dag.py:3677} INFO - Setting next_dagrun for sample_dag to None, run_after=None
[2023-09-06T08:32:38.844+0000] {processor.py:179} INFO - Processing /opt/airflow/dags/sample_dag.py took 0.078 seconds
[2023-09-06T08:33:08.923+0000] {processor.py:157} INFO - Started process (PID=288) to work on /opt/airflow/dags/sample_dag.py
[2023-09-06T08:33:08.923+0000] {processor.py:829} INFO - Processing file /opt/airflow/dags/sample_dag.py for tasks to queue
[2023-09-06T08:33:08.927+0000] {logging_mixin.py:151} INFO - [2023-09-06T08:33:08.927+0000] {dagbag.py:539} INFO - Filling up the DagBag from /opt/airflow/dags/sample_dag.py
[2023-09-06T08:33:08.938+0000] {processor.py:839} INFO - DAG(s) dict_keys(['sample_dag']) retrieved from /opt/airflow/dags/sample_dag.py
[2023-09-06T08:33:08.962+0000] {logging_mixin.py:151} INFO - [2023-09-06T08:33:08.962+0000] {dag.py:2907} INFO - Sync 1 DAGs
[2023-09-06T08:33:08.973+0000] {logging_mixin.py:151} INFO - [2023-09-06T08:33:08.973+0000] {dag.py:3677} INFO - Setting next_dagrun for sample_dag to None, run_after=None
[2023-09-06T08:33:08.991+0000] {processor.py:179} INFO - Processing /opt/airflow/dags/sample_dag.py took 0.072 seconds
[2023-09-06T08:33:39.159+0000] {processor.py:157} INFO - Started process (PID=296) to work on /opt/airflow/dags/sample_dag.py
[2023-09-06T08:33:39.160+0000] {processor.py:829} INFO - Processing file /opt/airflow/dags/sample_dag.py for tasks to queue
[2023-09-06T08:33:39.162+0000] {logging_mixin.py:151} INFO - [2023-09-06T08:33:39.162+0000] {dagbag.py:539} INFO - Filling up the DagBag from /opt/airflow/dags/sample_dag.py
[2023-09-06T08:33:39.170+0000] {processor.py:839} INFO - DAG(s) dict_keys(['sample_dag']) retrieved from /opt/airflow/dags/sample_dag.py
[2023-09-06T08:33:39.197+0000] {logging_mixin.py:151} INFO - [2023-09-06T08:33:39.197+0000] {dag.py:2907} INFO - Sync 1 DAGs
[2023-09-06T08:33:39.209+0000] {logging_mixin.py:151} INFO - [2023-09-06T08:33:39.209+0000] {dag.py:3677} INFO - Setting next_dagrun for sample_dag to None, run_after=None
[2023-09-06T08:33:39.230+0000] {processor.py:179} INFO - Processing /opt/airflow/dags/sample_dag.py took 0.074 seconds
[2023-09-06T08:34:09.356+0000] {processor.py:157} INFO - Started process (PID=304) to work on /opt/airflow/dags/sample_dag.py
[2023-09-06T08:34:09.367+0000] {processor.py:829} INFO - Processing file /opt/airflow/dags/sample_dag.py for tasks to queue
[2023-09-06T08:34:09.369+0000] {logging_mixin.py:151} INFO - [2023-09-06T08:34:09.369+0000] {dagbag.py:539} INFO - Filling up the DagBag from /opt/airflow/dags/sample_dag.py
[2023-09-06T08:34:09.381+0000] {processor.py:839} INFO - DAG(s) dict_keys(['sample_dag']) retrieved from /opt/airflow/dags/sample_dag.py
[2023-09-06T08:34:09.411+0000] {logging_mixin.py:151} INFO - [2023-09-06T08:34:09.411+0000] {dag.py:2907} INFO - Sync 1 DAGs
[2023-09-06T08:34:09.424+0000] {logging_mixin.py:151} INFO - [2023-09-06T08:34:09.424+0000] {dag.py:3677} INFO - Setting next_dagrun for sample_dag to None, run_after=None
[2023-09-06T08:34:09.452+0000] {processor.py:179} INFO - Processing /opt/airflow/dags/sample_dag.py took 0.100 seconds
[2023-09-06T08:34:39.598+0000] {processor.py:157} INFO - Started process (PID=313) to work on /opt/airflow/dags/sample_dag.py
[2023-09-06T08:34:39.598+0000] {processor.py:829} INFO - Processing file /opt/airflow/dags/sample_dag.py for tasks to queue
[2023-09-06T08:34:39.600+0000] {logging_mixin.py:151} INFO - [2023-09-06T08:34:39.600+0000] {dagbag.py:539} INFO - Filling up the DagBag from /opt/airflow/dags/sample_dag.py
[2023-09-06T08:34:39.609+0000] {processor.py:839} INFO - DAG(s) dict_keys(['sample_dag']) retrieved from /opt/airflow/dags/sample_dag.py
[2023-09-06T08:34:39.642+0000] {logging_mixin.py:151} INFO - [2023-09-06T08:34:39.641+0000] {dag.py:2907} INFO - Sync 1 DAGs
[2023-09-06T08:34:39.658+0000] {logging_mixin.py:151} INFO - [2023-09-06T08:34:39.658+0000] {dag.py:3677} INFO - Setting next_dagrun for sample_dag to None, run_after=None
[2023-09-06T08:34:39.686+0000] {processor.py:179} INFO - Processing /opt/airflow/dags/sample_dag.py took 0.092 seconds
[2023-09-06T08:35:09.762+0000] {processor.py:157} INFO - Started process (PID=321) to work on /opt/airflow/dags/sample_dag.py
[2023-09-06T08:35:09.763+0000] {processor.py:829} INFO - Processing file /opt/airflow/dags/sample_dag.py for tasks to queue
[2023-09-06T08:35:09.765+0000] {logging_mixin.py:151} INFO - [2023-09-06T08:35:09.764+0000] {dagbag.py:539} INFO - Filling up the DagBag from /opt/airflow/dags/sample_dag.py
[2023-09-06T08:35:09.775+0000] {processor.py:839} INFO - DAG(s) dict_keys(['sample_dag']) retrieved from /opt/airflow/dags/sample_dag.py
[2023-09-06T08:35:09.799+0000] {logging_mixin.py:151} INFO - [2023-09-06T08:35:09.799+0000] {dag.py:2907} INFO - Sync 1 DAGs
[2023-09-06T08:35:09.810+0000] {logging_mixin.py:151} INFO - [2023-09-06T08:35:09.810+0000] {dag.py:3677} INFO - Setting next_dagrun for sample_dag to None, run_after=None
[2023-09-06T08:35:09.830+0000] {processor.py:179} INFO - Processing /opt/airflow/dags/sample_dag.py took 0.071 seconds
[2023-09-06T08:35:39.965+0000] {processor.py:157} INFO - Started process (PID=329) to work on /opt/airflow/dags/sample_dag.py
[2023-09-06T08:35:39.973+0000] {processor.py:829} INFO - Processing file /opt/airflow/dags/sample_dag.py for tasks to queue
[2023-09-06T08:35:39.975+0000] {logging_mixin.py:151} INFO - [2023-09-06T08:35:39.975+0000] {dagbag.py:539} INFO - Filling up the DagBag from /opt/airflow/dags/sample_dag.py
[2023-09-06T08:35:39.994+0000] {processor.py:839} INFO - DAG(s) dict_keys(['sample_dag']) retrieved from /opt/airflow/dags/sample_dag.py
[2023-09-06T08:35:40.086+0000] {logging_mixin.py:151} INFO - [2023-09-06T08:35:40.085+0000] {dag.py:2907} INFO - Sync 1 DAGs
[2023-09-06T08:35:40.113+0000] {logging_mixin.py:151} INFO - [2023-09-06T08:35:40.112+0000] {dag.py:3677} INFO - Setting next_dagrun for sample_dag to None, run_after=None
[2023-09-06T08:35:40.145+0000] {processor.py:179} INFO - Processing /opt/airflow/dags/sample_dag.py took 0.184 seconds
[2023-09-06T08:36:10.257+0000] {processor.py:157} INFO - Started process (PID=337) to work on /opt/airflow/dags/sample_dag.py
[2023-09-06T08:36:10.267+0000] {processor.py:829} INFO - Processing file /opt/airflow/dags/sample_dag.py for tasks to queue
[2023-09-06T08:36:10.279+0000] {logging_mixin.py:151} INFO - [2023-09-06T08:36:10.279+0000] {dagbag.py:539} INFO - Filling up the DagBag from /opt/airflow/dags/sample_dag.py
[2023-09-06T08:36:10.346+0000] {processor.py:839} INFO - DAG(s) dict_keys(['sample_dag']) retrieved from /opt/airflow/dags/sample_dag.py
[2023-09-06T08:36:10.461+0000] {logging_mixin.py:151} INFO - [2023-09-06T08:36:10.461+0000] {dag.py:2907} INFO - Sync 1 DAGs
[2023-09-06T08:36:10.546+0000] {logging_mixin.py:151} INFO - [2023-09-06T08:36:10.545+0000] {dag.py:3677} INFO - Setting next_dagrun for sample_dag to None, run_after=None
[2023-09-06T08:36:10.626+0000] {processor.py:179} INFO - Processing /opt/airflow/dags/sample_dag.py took 0.383 seconds
[2023-09-06T08:36:40.768+0000] {processor.py:157} INFO - Started process (PID=345) to work on /opt/airflow/dags/sample_dag.py
[2023-09-06T08:36:40.770+0000] {processor.py:829} INFO - Processing file /opt/airflow/dags/sample_dag.py for tasks to queue
[2023-09-06T08:36:40.774+0000] {logging_mixin.py:151} INFO - [2023-09-06T08:36:40.773+0000] {dagbag.py:539} INFO - Filling up the DagBag from /opt/airflow/dags/sample_dag.py
[2023-09-06T08:36:40.792+0000] {processor.py:839} INFO - DAG(s) dict_keys(['sample_dag']) retrieved from /opt/airflow/dags/sample_dag.py
[2023-09-06T08:36:40.832+0000] {logging_mixin.py:151} INFO - [2023-09-06T08:36:40.832+0000] {dag.py:2907} INFO - Sync 1 DAGs
[2023-09-06T08:36:40.850+0000] {logging_mixin.py:151} INFO - [2023-09-06T08:36:40.849+0000] {dag.py:3677} INFO - Setting next_dagrun for sample_dag to None, run_after=None
[2023-09-06T08:36:40.882+0000] {processor.py:179} INFO - Processing /opt/airflow/dags/sample_dag.py took 0.118 seconds
[2023-09-06T08:37:10.941+0000] {processor.py:157} INFO - Started process (PID=353) to work on /opt/airflow/dags/sample_dag.py
[2023-09-06T08:37:10.942+0000] {processor.py:829} INFO - Processing file /opt/airflow/dags/sample_dag.py for tasks to queue
[2023-09-06T08:37:10.945+0000] {logging_mixin.py:151} INFO - [2023-09-06T08:37:10.944+0000] {dagbag.py:539} INFO - Filling up the DagBag from /opt/airflow/dags/sample_dag.py
[2023-09-06T08:37:10.958+0000] {processor.py:839} INFO - DAG(s) dict_keys(['sample_dag']) retrieved from /opt/airflow/dags/sample_dag.py
[2023-09-06T08:37:10.990+0000] {logging_mixin.py:151} INFO - [2023-09-06T08:37:10.990+0000] {dag.py:2907} INFO - Sync 1 DAGs
[2023-09-06T08:37:11.003+0000] {logging_mixin.py:151} INFO - [2023-09-06T08:37:11.003+0000] {dag.py:3677} INFO - Setting next_dagrun for sample_dag to None, run_after=None
[2023-09-06T08:37:11.023+0000] {processor.py:179} INFO - Processing /opt/airflow/dags/sample_dag.py took 0.085 seconds
[2023-09-06T08:37:41.227+0000] {processor.py:157} INFO - Started process (PID=361) to work on /opt/airflow/dags/sample_dag.py
[2023-09-06T08:37:41.237+0000] {processor.py:829} INFO - Processing file /opt/airflow/dags/sample_dag.py for tasks to queue
[2023-09-06T08:37:41.239+0000] {logging_mixin.py:151} INFO - [2023-09-06T08:37:41.238+0000] {dagbag.py:539} INFO - Filling up the DagBag from /opt/airflow/dags/sample_dag.py
[2023-09-06T08:37:41.247+0000] {processor.py:839} INFO - DAG(s) dict_keys(['sample_dag']) retrieved from /opt/airflow/dags/sample_dag.py
[2023-09-06T08:37:41.269+0000] {logging_mixin.py:151} INFO - [2023-09-06T08:37:41.269+0000] {dag.py:2907} INFO - Sync 1 DAGs
[2023-09-06T08:37:41.278+0000] {logging_mixin.py:151} INFO - [2023-09-06T08:37:41.278+0000] {dag.py:3677} INFO - Setting next_dagrun for sample_dag to None, run_after=None
[2023-09-06T08:37:41.297+0000] {processor.py:179} INFO - Processing /opt/airflow/dags/sample_dag.py took 0.072 seconds
[2023-09-06T08:38:11.413+0000] {processor.py:157} INFO - Started process (PID=369) to work on /opt/airflow/dags/sample_dag.py
[2023-09-06T08:38:11.413+0000] {processor.py:829} INFO - Processing file /opt/airflow/dags/sample_dag.py for tasks to queue
[2023-09-06T08:38:11.415+0000] {logging_mixin.py:151} INFO - [2023-09-06T08:38:11.415+0000] {dagbag.py:539} INFO - Filling up the DagBag from /opt/airflow/dags/sample_dag.py
[2023-09-06T08:38:11.424+0000] {processor.py:839} INFO - DAG(s) dict_keys(['sample_dag']) retrieved from /opt/airflow/dags/sample_dag.py
[2023-09-06T08:38:11.450+0000] {logging_mixin.py:151} INFO - [2023-09-06T08:38:11.450+0000] {dag.py:2907} INFO - Sync 1 DAGs
[2023-09-06T08:38:11.461+0000] {logging_mixin.py:151} INFO - [2023-09-06T08:38:11.460+0000] {dag.py:3677} INFO - Setting next_dagrun for sample_dag to None, run_after=None
[2023-09-06T08:38:11.481+0000] {processor.py:179} INFO - Processing /opt/airflow/dags/sample_dag.py took 0.071 seconds
[2023-09-06T08:38:41.638+0000] {processor.py:157} INFO - Started process (PID=377) to work on /opt/airflow/dags/sample_dag.py
[2023-09-06T08:38:41.640+0000] {processor.py:829} INFO - Processing file /opt/airflow/dags/sample_dag.py for tasks to queue
[2023-09-06T08:38:41.642+0000] {logging_mixin.py:151} INFO - [2023-09-06T08:38:41.642+0000] {dagbag.py:539} INFO - Filling up the DagBag from /opt/airflow/dags/sample_dag.py
[2023-09-06T08:38:41.650+0000] {processor.py:839} INFO - DAG(s) dict_keys(['sample_dag']) retrieved from /opt/airflow/dags/sample_dag.py
[2023-09-06T08:38:41.672+0000] {logging_mixin.py:151} INFO - [2023-09-06T08:38:41.672+0000] {dag.py:2907} INFO - Sync 1 DAGs
[2023-09-06T08:38:41.681+0000] {logging_mixin.py:151} INFO - [2023-09-06T08:38:41.681+0000] {dag.py:3677} INFO - Setting next_dagrun for sample_dag to None, run_after=None
[2023-09-06T08:38:41.697+0000] {processor.py:179} INFO - Processing /opt/airflow/dags/sample_dag.py took 0.062 seconds
[2023-09-06T08:39:11.820+0000] {processor.py:157} INFO - Started process (PID=385) to work on /opt/airflow/dags/sample_dag.py
[2023-09-06T08:39:11.821+0000] {processor.py:829} INFO - Processing file /opt/airflow/dags/sample_dag.py for tasks to queue
[2023-09-06T08:39:11.824+0000] {logging_mixin.py:151} INFO - [2023-09-06T08:39:11.823+0000] {dagbag.py:539} INFO - Filling up the DagBag from /opt/airflow/dags/sample_dag.py
[2023-09-06T08:39:11.832+0000] {processor.py:839} INFO - DAG(s) dict_keys(['sample_dag']) retrieved from /opt/airflow/dags/sample_dag.py
[2023-09-06T08:39:11.860+0000] {logging_mixin.py:151} INFO - [2023-09-06T08:39:11.860+0000] {dag.py:2907} INFO - Sync 1 DAGs
[2023-09-06T08:39:11.875+0000] {logging_mixin.py:151} INFO - [2023-09-06T08:39:11.874+0000] {dag.py:3677} INFO - Setting next_dagrun for sample_dag to None, run_after=None
[2023-09-06T08:39:11.900+0000] {processor.py:179} INFO - Processing /opt/airflow/dags/sample_dag.py took 0.082 seconds
[2023-09-06T08:39:42.018+0000] {processor.py:157} INFO - Started process (PID=393) to work on /opt/airflow/dags/sample_dag.py
[2023-09-06T08:39:42.020+0000] {processor.py:829} INFO - Processing file /opt/airflow/dags/sample_dag.py for tasks to queue
[2023-09-06T08:39:42.023+0000] {logging_mixin.py:151} INFO - [2023-09-06T08:39:42.022+0000] {dagbag.py:539} INFO - Filling up the DagBag from /opt/airflow/dags/sample_dag.py
[2023-09-06T08:39:42.030+0000] {processor.py:839} INFO - DAG(s) dict_keys(['sample_dag']) retrieved from /opt/airflow/dags/sample_dag.py
[2023-09-06T08:39:42.056+0000] {logging_mixin.py:151} INFO - [2023-09-06T08:39:42.056+0000] {dag.py:2907} INFO - Sync 1 DAGs
[2023-09-06T08:39:42.065+0000] {logging_mixin.py:151} INFO - [2023-09-06T08:39:42.065+0000] {dag.py:3677} INFO - Setting next_dagrun for sample_dag to None, run_after=None
[2023-09-06T08:39:42.083+0000] {processor.py:179} INFO - Processing /opt/airflow/dags/sample_dag.py took 0.068 seconds
[2023-09-06T08:40:12.225+0000] {processor.py:157} INFO - Started process (PID=401) to work on /opt/airflow/dags/sample_dag.py
[2023-09-06T08:40:12.226+0000] {processor.py:829} INFO - Processing file /opt/airflow/dags/sample_dag.py for tasks to queue
[2023-09-06T08:40:12.229+0000] {logging_mixin.py:151} INFO - [2023-09-06T08:40:12.228+0000] {dagbag.py:539} INFO - Filling up the DagBag from /opt/airflow/dags/sample_dag.py
[2023-09-06T08:40:12.236+0000] {processor.py:839} INFO - DAG(s) dict_keys(['sample_dag']) retrieved from /opt/airflow/dags/sample_dag.py
[2023-09-06T08:40:12.261+0000] {logging_mixin.py:151} INFO - [2023-09-06T08:40:12.261+0000] {dag.py:2907} INFO - Sync 1 DAGs
[2023-09-06T08:40:12.273+0000] {logging_mixin.py:151} INFO - [2023-09-06T08:40:12.273+0000] {dag.py:3677} INFO - Setting next_dagrun for sample_dag to None, run_after=None
[2023-09-06T08:40:12.294+0000] {processor.py:179} INFO - Processing /opt/airflow/dags/sample_dag.py took 0.072 seconds
[2023-09-06T08:40:42.420+0000] {processor.py:157} INFO - Started process (PID=409) to work on /opt/airflow/dags/sample_dag.py
[2023-09-06T08:40:42.420+0000] {processor.py:829} INFO - Processing file /opt/airflow/dags/sample_dag.py for tasks to queue
[2023-09-06T08:40:42.423+0000] {logging_mixin.py:151} INFO - [2023-09-06T08:40:42.422+0000] {dagbag.py:539} INFO - Filling up the DagBag from /opt/airflow/dags/sample_dag.py
[2023-09-06T08:40:42.430+0000] {processor.py:839} INFO - DAG(s) dict_keys(['sample_dag']) retrieved from /opt/airflow/dags/sample_dag.py
[2023-09-06T08:40:42.454+0000] {logging_mixin.py:151} INFO - [2023-09-06T08:40:42.454+0000] {dag.py:2907} INFO - Sync 1 DAGs
[2023-09-06T08:40:42.464+0000] {logging_mixin.py:151} INFO - [2023-09-06T08:40:42.464+0000] {dag.py:3677} INFO - Setting next_dagrun for sample_dag to None, run_after=None
[2023-09-06T08:40:42.481+0000] {processor.py:179} INFO - Processing /opt/airflow/dags/sample_dag.py took 0.065 seconds
[2023-09-06T08:41:12.626+0000] {processor.py:157} INFO - Started process (PID=417) to work on /opt/airflow/dags/sample_dag.py
[2023-09-06T08:41:12.628+0000] {processor.py:829} INFO - Processing file /opt/airflow/dags/sample_dag.py for tasks to queue
[2023-09-06T08:41:12.629+0000] {logging_mixin.py:151} INFO - [2023-09-06T08:41:12.629+0000] {dagbag.py:539} INFO - Filling up the DagBag from /opt/airflow/dags/sample_dag.py
[2023-09-06T08:41:12.637+0000] {processor.py:839} INFO - DAG(s) dict_keys(['sample_dag']) retrieved from /opt/airflow/dags/sample_dag.py
[2023-09-06T08:41:12.660+0000] {logging_mixin.py:151} INFO - [2023-09-06T08:41:12.660+0000] {dag.py:2907} INFO - Sync 1 DAGs
[2023-09-06T08:41:12.669+0000] {logging_mixin.py:151} INFO - [2023-09-06T08:41:12.669+0000] {dag.py:3677} INFO - Setting next_dagrun for sample_dag to None, run_after=None
[2023-09-06T08:41:12.686+0000] {processor.py:179} INFO - Processing /opt/airflow/dags/sample_dag.py took 0.063 seconds
[2023-09-06T08:41:42.803+0000] {processor.py:157} INFO - Started process (PID=425) to work on /opt/airflow/dags/sample_dag.py
[2023-09-06T08:41:42.803+0000] {processor.py:829} INFO - Processing file /opt/airflow/dags/sample_dag.py for tasks to queue
[2023-09-06T08:41:42.805+0000] {logging_mixin.py:151} INFO - [2023-09-06T08:41:42.805+0000] {dagbag.py:539} INFO - Filling up the DagBag from /opt/airflow/dags/sample_dag.py
[2023-09-06T08:41:42.815+0000] {processor.py:839} INFO - DAG(s) dict_keys(['sample_dag']) retrieved from /opt/airflow/dags/sample_dag.py
[2023-09-06T08:41:42.840+0000] {logging_mixin.py:151} INFO - [2023-09-06T08:41:42.839+0000] {dag.py:2907} INFO - Sync 1 DAGs
[2023-09-06T08:41:42.851+0000] {logging_mixin.py:151} INFO - [2023-09-06T08:41:42.851+0000] {dag.py:3677} INFO - Setting next_dagrun for sample_dag to None, run_after=None
[2023-09-06T08:41:42.868+0000] {processor.py:179} INFO - Processing /opt/airflow/dags/sample_dag.py took 0.069 seconds
[2023-09-06T08:42:13.011+0000] {processor.py:157} INFO - Started process (PID=433) to work on /opt/airflow/dags/sample_dag.py
[2023-09-06T08:42:13.013+0000] {processor.py:829} INFO - Processing file /opt/airflow/dags/sample_dag.py for tasks to queue
[2023-09-06T08:42:13.014+0000] {logging_mixin.py:151} INFO - [2023-09-06T08:42:13.014+0000] {dagbag.py:539} INFO - Filling up the DagBag from /opt/airflow/dags/sample_dag.py
[2023-09-06T08:42:13.023+0000] {processor.py:839} INFO - DAG(s) dict_keys(['sample_dag']) retrieved from /opt/airflow/dags/sample_dag.py
[2023-09-06T08:42:13.045+0000] {logging_mixin.py:151} INFO - [2023-09-06T08:42:13.045+0000] {dag.py:2907} INFO - Sync 1 DAGs
[2023-09-06T08:42:13.055+0000] {logging_mixin.py:151} INFO - [2023-09-06T08:42:13.054+0000] {dag.py:3677} INFO - Setting next_dagrun for sample_dag to None, run_after=None
[2023-09-06T08:42:13.071+0000] {processor.py:179} INFO - Processing /opt/airflow/dags/sample_dag.py took 0.062 seconds
[2023-09-06T08:42:43.220+0000] {processor.py:157} INFO - Started process (PID=441) to work on /opt/airflow/dags/sample_dag.py
[2023-09-06T08:42:43.222+0000] {processor.py:829} INFO - Processing file /opt/airflow/dags/sample_dag.py for tasks to queue
[2023-09-06T08:42:43.223+0000] {logging_mixin.py:151} INFO - [2023-09-06T08:42:43.223+0000] {dagbag.py:539} INFO - Filling up the DagBag from /opt/airflow/dags/sample_dag.py
[2023-09-06T08:42:43.232+0000] {processor.py:839} INFO - DAG(s) dict_keys(['sample_dag']) retrieved from /opt/airflow/dags/sample_dag.py
[2023-09-06T08:42:43.259+0000] {logging_mixin.py:151} INFO - [2023-09-06T08:42:43.258+0000] {dag.py:2907} INFO - Sync 1 DAGs
[2023-09-06T08:42:43.271+0000] {logging_mixin.py:151} INFO - [2023-09-06T08:42:43.270+0000] {dag.py:3677} INFO - Setting next_dagrun for sample_dag to None, run_after=None
[2023-09-06T08:42:43.293+0000] {processor.py:179} INFO - Processing /opt/airflow/dags/sample_dag.py took 0.076 seconds
[2023-09-06T08:43:13.401+0000] {processor.py:157} INFO - Started process (PID=449) to work on /opt/airflow/dags/sample_dag.py
[2023-09-06T08:43:13.401+0000] {processor.py:829} INFO - Processing file /opt/airflow/dags/sample_dag.py for tasks to queue
[2023-09-06T08:43:13.403+0000] {logging_mixin.py:151} INFO - [2023-09-06T08:43:13.403+0000] {dagbag.py:539} INFO - Filling up the DagBag from /opt/airflow/dags/sample_dag.py
[2023-09-06T08:43:13.411+0000] {processor.py:839} INFO - DAG(s) dict_keys(['sample_dag']) retrieved from /opt/airflow/dags/sample_dag.py
[2023-09-06T08:43:13.437+0000] {logging_mixin.py:151} INFO - [2023-09-06T08:43:13.436+0000] {dag.py:2907} INFO - Sync 1 DAGs
[2023-09-06T08:43:13.448+0000] {logging_mixin.py:151} INFO - [2023-09-06T08:43:13.448+0000] {dag.py:3677} INFO - Setting next_dagrun for sample_dag to None, run_after=None
[2023-09-06T08:43:13.464+0000] {processor.py:179} INFO - Processing /opt/airflow/dags/sample_dag.py took 0.066 seconds
[2023-09-06T08:43:43.625+0000] {processor.py:157} INFO - Started process (PID=457) to work on /opt/airflow/dags/sample_dag.py
[2023-09-06T08:43:43.627+0000] {processor.py:829} INFO - Processing file /opt/airflow/dags/sample_dag.py for tasks to queue
[2023-09-06T08:43:43.629+0000] {logging_mixin.py:151} INFO - [2023-09-06T08:43:43.629+0000] {dagbag.py:539} INFO - Filling up the DagBag from /opt/airflow/dags/sample_dag.py
[2023-09-06T08:43:43.639+0000] {processor.py:839} INFO - DAG(s) dict_keys(['sample_dag']) retrieved from /opt/airflow/dags/sample_dag.py
[2023-09-06T08:43:43.669+0000] {logging_mixin.py:151} INFO - [2023-09-06T08:43:43.668+0000] {dag.py:2907} INFO - Sync 1 DAGs
[2023-09-06T08:43:43.682+0000] {logging_mixin.py:151} INFO - [2023-09-06T08:43:43.682+0000] {dag.py:3677} INFO - Setting next_dagrun for sample_dag to None, run_after=None
[2023-09-06T08:43:43.706+0000] {processor.py:179} INFO - Processing /opt/airflow/dags/sample_dag.py took 0.084 seconds
[2023-09-06T08:44:13.838+0000] {processor.py:157} INFO - Started process (PID=465) to work on /opt/airflow/dags/sample_dag.py
[2023-09-06T08:44:13.839+0000] {processor.py:829} INFO - Processing file /opt/airflow/dags/sample_dag.py for tasks to queue
[2023-09-06T08:44:13.841+0000] {logging_mixin.py:151} INFO - [2023-09-06T08:44:13.841+0000] {dagbag.py:539} INFO - Filling up the DagBag from /opt/airflow/dags/sample_dag.py
[2023-09-06T08:44:13.851+0000] {processor.py:839} INFO - DAG(s) dict_keys(['sample_dag']) retrieved from /opt/airflow/dags/sample_dag.py
[2023-09-06T08:44:13.875+0000] {logging_mixin.py:151} INFO - [2023-09-06T08:44:13.875+0000] {dag.py:2907} INFO - Sync 1 DAGs
[2023-09-06T08:44:13.885+0000] {logging_mixin.py:151} INFO - [2023-09-06T08:44:13.885+0000] {dag.py:3677} INFO - Setting next_dagrun for sample_dag to None, run_after=None
[2023-09-06T08:44:13.903+0000] {processor.py:179} INFO - Processing /opt/airflow/dags/sample_dag.py took 0.068 seconds
[2023-09-06T08:44:44.102+0000] {processor.py:157} INFO - Started process (PID=473) to work on /opt/airflow/dags/sample_dag.py
[2023-09-06T08:44:44.104+0000] {processor.py:829} INFO - Processing file /opt/airflow/dags/sample_dag.py for tasks to queue
[2023-09-06T08:44:44.105+0000] {logging_mixin.py:151} INFO - [2023-09-06T08:44:44.105+0000] {dagbag.py:539} INFO - Filling up the DagBag from /opt/airflow/dags/sample_dag.py
[2023-09-06T08:44:44.114+0000] {processor.py:839} INFO - DAG(s) dict_keys(['sample_dag']) retrieved from /opt/airflow/dags/sample_dag.py
[2023-09-06T08:44:44.137+0000] {logging_mixin.py:151} INFO - [2023-09-06T08:44:44.137+0000] {dag.py:2907} INFO - Sync 1 DAGs
[2023-09-06T08:44:44.147+0000] {logging_mixin.py:151} INFO - [2023-09-06T08:44:44.146+0000] {dag.py:3677} INFO - Setting next_dagrun for sample_dag to None, run_after=None
[2023-09-06T08:44:44.162+0000] {processor.py:179} INFO - Processing /opt/airflow/dags/sample_dag.py took 0.063 seconds
[2023-09-06T08:45:14.274+0000] {processor.py:157} INFO - Started process (PID=481) to work on /opt/airflow/dags/sample_dag.py
[2023-09-06T08:45:14.276+0000] {processor.py:829} INFO - Processing file /opt/airflow/dags/sample_dag.py for tasks to queue
[2023-09-06T08:45:14.277+0000] {logging_mixin.py:151} INFO - [2023-09-06T08:45:14.277+0000] {dagbag.py:539} INFO - Filling up the DagBag from /opt/airflow/dags/sample_dag.py
[2023-09-06T08:45:14.286+0000] {processor.py:839} INFO - DAG(s) dict_keys(['sample_dag']) retrieved from /opt/airflow/dags/sample_dag.py
[2023-09-06T08:45:14.312+0000] {logging_mixin.py:151} INFO - [2023-09-06T08:45:14.312+0000] {dag.py:2907} INFO - Sync 1 DAGs
[2023-09-06T08:45:14.322+0000] {logging_mixin.py:151} INFO - [2023-09-06T08:45:14.322+0000] {dag.py:3677} INFO - Setting next_dagrun for sample_dag to None, run_after=None
[2023-09-06T08:45:14.342+0000] {processor.py:179} INFO - Processing /opt/airflow/dags/sample_dag.py took 0.071 seconds
[2023-09-06T08:45:44.509+0000] {processor.py:157} INFO - Started process (PID=489) to work on /opt/airflow/dags/sample_dag.py
[2023-09-06T08:45:44.511+0000] {processor.py:829} INFO - Processing file /opt/airflow/dags/sample_dag.py for tasks to queue
[2023-09-06T08:45:44.512+0000] {logging_mixin.py:151} INFO - [2023-09-06T08:45:44.512+0000] {dagbag.py:539} INFO - Filling up the DagBag from /opt/airflow/dags/sample_dag.py
[2023-09-06T08:45:44.522+0000] {processor.py:839} INFO - DAG(s) dict_keys(['sample_dag']) retrieved from /opt/airflow/dags/sample_dag.py
[2023-09-06T08:45:44.544+0000] {logging_mixin.py:151} INFO - [2023-09-06T08:45:44.544+0000] {dag.py:2907} INFO - Sync 1 DAGs
[2023-09-06T08:45:44.555+0000] {logging_mixin.py:151} INFO - [2023-09-06T08:45:44.555+0000] {dag.py:3677} INFO - Setting next_dagrun for sample_dag to None, run_after=None
[2023-09-06T08:45:44.576+0000] {processor.py:179} INFO - Processing /opt/airflow/dags/sample_dag.py took 0.071 seconds
[2023-09-06T08:46:14.715+0000] {processor.py:157} INFO - Started process (PID=497) to work on /opt/airflow/dags/sample_dag.py
[2023-09-06T08:46:14.716+0000] {processor.py:829} INFO - Processing file /opt/airflow/dags/sample_dag.py for tasks to queue
[2023-09-06T08:46:14.719+0000] {logging_mixin.py:151} INFO - [2023-09-06T08:46:14.718+0000] {dagbag.py:539} INFO - Filling up the DagBag from /opt/airflow/dags/sample_dag.py
[2023-09-06T08:46:14.727+0000] {processor.py:839} INFO - DAG(s) dict_keys(['sample_dag']) retrieved from /opt/airflow/dags/sample_dag.py
[2023-09-06T08:46:14.761+0000] {logging_mixin.py:151} INFO - [2023-09-06T08:46:14.761+0000] {dag.py:2907} INFO - Sync 1 DAGs
[2023-09-06T08:46:14.772+0000] {logging_mixin.py:151} INFO - [2023-09-06T08:46:14.772+0000] {dag.py:3677} INFO - Setting next_dagrun for sample_dag to None, run_after=None
[2023-09-06T08:46:14.790+0000] {processor.py:179} INFO - Processing /opt/airflow/dags/sample_dag.py took 0.077 seconds
[2023-09-06T08:46:44.966+0000] {processor.py:157} INFO - Started process (PID=505) to work on /opt/airflow/dags/sample_dag.py
[2023-09-06T08:46:44.967+0000] {processor.py:829} INFO - Processing file /opt/airflow/dags/sample_dag.py for tasks to queue
[2023-09-06T08:46:44.970+0000] {logging_mixin.py:151} INFO - [2023-09-06T08:46:44.970+0000] {dagbag.py:539} INFO - Filling up the DagBag from /opt/airflow/dags/sample_dag.py
[2023-09-06T08:46:44.978+0000] {processor.py:839} INFO - DAG(s) dict_keys(['sample_dag']) retrieved from /opt/airflow/dags/sample_dag.py
[2023-09-06T08:46:45.001+0000] {logging_mixin.py:151} INFO - [2023-09-06T08:46:45.001+0000] {dag.py:2907} INFO - Sync 1 DAGs
[2023-09-06T08:46:45.010+0000] {logging_mixin.py:151} INFO - [2023-09-06T08:46:45.010+0000] {dag.py:3677} INFO - Setting next_dagrun for sample_dag to None, run_after=None
[2023-09-06T08:46:45.026+0000] {processor.py:179} INFO - Processing /opt/airflow/dags/sample_dag.py took 0.063 seconds
[2023-09-06T08:47:15.165+0000] {processor.py:157} INFO - Started process (PID=513) to work on /opt/airflow/dags/sample_dag.py
[2023-09-06T08:47:15.176+0000] {processor.py:829} INFO - Processing file /opt/airflow/dags/sample_dag.py for tasks to queue
[2023-09-06T08:47:15.178+0000] {logging_mixin.py:151} INFO - [2023-09-06T08:47:15.178+0000] {dagbag.py:539} INFO - Filling up the DagBag from /opt/airflow/dags/sample_dag.py
[2023-09-06T08:47:15.187+0000] {processor.py:839} INFO - DAG(s) dict_keys(['sample_dag']) retrieved from /opt/airflow/dags/sample_dag.py
[2023-09-06T08:47:15.211+0000] {logging_mixin.py:151} INFO - [2023-09-06T08:47:15.211+0000] {dag.py:2907} INFO - Sync 1 DAGs
[2023-09-06T08:47:15.220+0000] {logging_mixin.py:151} INFO - [2023-09-06T08:47:15.220+0000] {dag.py:3677} INFO - Setting next_dagrun for sample_dag to None, run_after=None
[2023-09-06T08:47:15.240+0000] {processor.py:179} INFO - Processing /opt/airflow/dags/sample_dag.py took 0.079 seconds
[2023-09-06T08:47:45.400+0000] {processor.py:157} INFO - Started process (PID=521) to work on /opt/airflow/dags/sample_dag.py
[2023-09-06T08:47:45.401+0000] {processor.py:829} INFO - Processing file /opt/airflow/dags/sample_dag.py for tasks to queue
[2023-09-06T08:47:45.403+0000] {logging_mixin.py:151} INFO - [2023-09-06T08:47:45.403+0000] {dagbag.py:539} INFO - Filling up the DagBag from /opt/airflow/dags/sample_dag.py
[2023-09-06T08:47:45.410+0000] {processor.py:839} INFO - DAG(s) dict_keys(['sample_dag']) retrieved from /opt/airflow/dags/sample_dag.py
[2023-09-06T08:47:45.436+0000] {logging_mixin.py:151} INFO - [2023-09-06T08:47:45.436+0000] {dag.py:2907} INFO - Sync 1 DAGs
[2023-09-06T08:47:45.446+0000] {logging_mixin.py:151} INFO - [2023-09-06T08:47:45.446+0000] {dag.py:3677} INFO - Setting next_dagrun for sample_dag to None, run_after=None
[2023-09-06T08:47:45.465+0000] {processor.py:179} INFO - Processing /opt/airflow/dags/sample_dag.py took 0.067 seconds
[2023-09-06T08:48:15.627+0000] {processor.py:157} INFO - Started process (PID=529) to work on /opt/airflow/dags/sample_dag.py
[2023-09-06T08:48:15.631+0000] {processor.py:829} INFO - Processing file /opt/airflow/dags/sample_dag.py for tasks to queue
[2023-09-06T08:48:15.633+0000] {logging_mixin.py:151} INFO - [2023-09-06T08:48:15.633+0000] {dagbag.py:539} INFO - Filling up the DagBag from /opt/airflow/dags/sample_dag.py
[2023-09-06T08:48:15.641+0000] {processor.py:839} INFO - DAG(s) dict_keys(['sample_dag']) retrieved from /opt/airflow/dags/sample_dag.py
[2023-09-06T08:48:15.663+0000] {logging_mixin.py:151} INFO - [2023-09-06T08:48:15.663+0000] {dag.py:2907} INFO - Sync 1 DAGs
[2023-09-06T08:48:15.674+0000] {logging_mixin.py:151} INFO - [2023-09-06T08:48:15.674+0000] {dag.py:3677} INFO - Setting next_dagrun for sample_dag to None, run_after=None
[2023-09-06T08:48:15.690+0000] {processor.py:179} INFO - Processing /opt/airflow/dags/sample_dag.py took 0.065 seconds
[2023-09-06T08:48:45.791+0000] {processor.py:157} INFO - Started process (PID=537) to work on /opt/airflow/dags/sample_dag.py
[2023-09-06T08:48:45.793+0000] {processor.py:829} INFO - Processing file /opt/airflow/dags/sample_dag.py for tasks to queue
[2023-09-06T08:48:45.794+0000] {logging_mixin.py:151} INFO - [2023-09-06T08:48:45.794+0000] {dagbag.py:539} INFO - Filling up the DagBag from /opt/airflow/dags/sample_dag.py
[2023-09-06T08:48:45.802+0000] {processor.py:839} INFO - DAG(s) dict_keys(['sample_dag']) retrieved from /opt/airflow/dags/sample_dag.py
[2023-09-06T08:48:45.825+0000] {logging_mixin.py:151} INFO - [2023-09-06T08:48:45.825+0000] {dag.py:2907} INFO - Sync 1 DAGs
[2023-09-06T08:48:45.835+0000] {logging_mixin.py:151} INFO - [2023-09-06T08:48:45.835+0000] {dag.py:3677} INFO - Setting next_dagrun for sample_dag to None, run_after=None
[2023-09-06T08:48:45.852+0000] {processor.py:179} INFO - Processing /opt/airflow/dags/sample_dag.py took 0.064 seconds
[2023-09-06T08:49:16.013+0000] {processor.py:157} INFO - Started process (PID=545) to work on /opt/airflow/dags/sample_dag.py
[2023-09-06T08:49:16.015+0000] {processor.py:829} INFO - Processing file /opt/airflow/dags/sample_dag.py for tasks to queue
[2023-09-06T08:49:16.017+0000] {logging_mixin.py:151} INFO - [2023-09-06T08:49:16.016+0000] {dagbag.py:539} INFO - Filling up the DagBag from /opt/airflow/dags/sample_dag.py
[2023-09-06T08:49:16.026+0000] {processor.py:839} INFO - DAG(s) dict_keys(['sample_dag']) retrieved from /opt/airflow/dags/sample_dag.py
[2023-09-06T08:49:16.049+0000] {logging_mixin.py:151} INFO - [2023-09-06T08:49:16.049+0000] {dag.py:2907} INFO - Sync 1 DAGs
[2023-09-06T08:49:16.058+0000] {logging_mixin.py:151} INFO - [2023-09-06T08:49:16.058+0000] {dag.py:3677} INFO - Setting next_dagrun for sample_dag to None, run_after=None
[2023-09-06T08:49:16.075+0000] {processor.py:179} INFO - Processing /opt/airflow/dags/sample_dag.py took 0.064 seconds
[2023-09-06T08:49:46.198+0000] {processor.py:157} INFO - Started process (PID=553) to work on /opt/airflow/dags/sample_dag.py
[2023-09-06T08:49:46.200+0000] {processor.py:829} INFO - Processing file /opt/airflow/dags/sample_dag.py for tasks to queue
[2023-09-06T08:49:46.201+0000] {logging_mixin.py:151} INFO - [2023-09-06T08:49:46.201+0000] {dagbag.py:539} INFO - Filling up the DagBag from /opt/airflow/dags/sample_dag.py
[2023-09-06T08:49:46.210+0000] {processor.py:839} INFO - DAG(s) dict_keys(['sample_dag']) retrieved from /opt/airflow/dags/sample_dag.py
[2023-09-06T08:49:46.232+0000] {logging_mixin.py:151} INFO - [2023-09-06T08:49:46.231+0000] {dag.py:2907} INFO - Sync 1 DAGs
[2023-09-06T08:49:46.240+0000] {logging_mixin.py:151} INFO - [2023-09-06T08:49:46.240+0000] {dag.py:3677} INFO - Setting next_dagrun for sample_dag to None, run_after=None
[2023-09-06T08:49:46.256+0000] {processor.py:179} INFO - Processing /opt/airflow/dags/sample_dag.py took 0.062 seconds
[2023-09-06T08:50:16.396+0000] {processor.py:157} INFO - Started process (PID=561) to work on /opt/airflow/dags/sample_dag.py
[2023-09-06T08:50:16.399+0000] {processor.py:829} INFO - Processing file /opt/airflow/dags/sample_dag.py for tasks to queue
[2023-09-06T08:50:16.401+0000] {logging_mixin.py:151} INFO - [2023-09-06T08:50:16.400+0000] {dagbag.py:539} INFO - Filling up the DagBag from /opt/airflow/dags/sample_dag.py
[2023-09-06T08:50:16.409+0000] {processor.py:839} INFO - DAG(s) dict_keys(['sample_dag']) retrieved from /opt/airflow/dags/sample_dag.py
[2023-09-06T08:50:16.434+0000] {logging_mixin.py:151} INFO - [2023-09-06T08:50:16.434+0000] {dag.py:2907} INFO - Sync 1 DAGs
[2023-09-06T08:50:16.445+0000] {logging_mixin.py:151} INFO - [2023-09-06T08:50:16.444+0000] {dag.py:3677} INFO - Setting next_dagrun for sample_dag to None, run_after=None
[2023-09-06T08:50:16.463+0000] {processor.py:179} INFO - Processing /opt/airflow/dags/sample_dag.py took 0.069 seconds
[2023-09-06T08:50:46.582+0000] {processor.py:157} INFO - Started process (PID=569) to work on /opt/airflow/dags/sample_dag.py
[2023-09-06T08:50:46.584+0000] {processor.py:829} INFO - Processing file /opt/airflow/dags/sample_dag.py for tasks to queue
[2023-09-06T08:50:46.586+0000] {logging_mixin.py:151} INFO - [2023-09-06T08:50:46.585+0000] {dagbag.py:539} INFO - Filling up the DagBag from /opt/airflow/dags/sample_dag.py
[2023-09-06T08:50:46.593+0000] {processor.py:839} INFO - DAG(s) dict_keys(['sample_dag']) retrieved from /opt/airflow/dags/sample_dag.py
[2023-09-06T08:50:46.617+0000] {logging_mixin.py:151} INFO - [2023-09-06T08:50:46.617+0000] {dag.py:2907} INFO - Sync 1 DAGs
[2023-09-06T08:50:46.626+0000] {logging_mixin.py:151} INFO - [2023-09-06T08:50:46.626+0000] {dag.py:3677} INFO - Setting next_dagrun for sample_dag to None, run_after=None
[2023-09-06T08:50:46.641+0000] {processor.py:179} INFO - Processing /opt/airflow/dags/sample_dag.py took 0.063 seconds
[2023-09-06T08:51:16.808+0000] {processor.py:157} INFO - Started process (PID=577) to work on /opt/airflow/dags/sample_dag.py
[2023-09-06T08:51:16.809+0000] {processor.py:829} INFO - Processing file /opt/airflow/dags/sample_dag.py for tasks to queue
[2023-09-06T08:51:16.810+0000] {logging_mixin.py:151} INFO - [2023-09-06T08:51:16.810+0000] {dagbag.py:539} INFO - Filling up the DagBag from /opt/airflow/dags/sample_dag.py
[2023-09-06T08:51:16.818+0000] {processor.py:839} INFO - DAG(s) dict_keys(['sample_dag']) retrieved from /opt/airflow/dags/sample_dag.py
[2023-09-06T08:51:16.840+0000] {logging_mixin.py:151} INFO - [2023-09-06T08:51:16.840+0000] {dag.py:2907} INFO - Sync 1 DAGs
[2023-09-06T08:51:16.849+0000] {logging_mixin.py:151} INFO - [2023-09-06T08:51:16.849+0000] {dag.py:3677} INFO - Setting next_dagrun for sample_dag to None, run_after=None
[2023-09-06T08:51:16.865+0000] {processor.py:179} INFO - Processing /opt/airflow/dags/sample_dag.py took 0.060 seconds
[2023-09-06T08:51:47.003+0000] {processor.py:157} INFO - Started process (PID=585) to work on /opt/airflow/dags/sample_dag.py
[2023-09-06T08:51:47.005+0000] {processor.py:829} INFO - Processing file /opt/airflow/dags/sample_dag.py for tasks to queue
[2023-09-06T08:51:47.007+0000] {logging_mixin.py:151} INFO - [2023-09-06T08:51:47.006+0000] {dagbag.py:539} INFO - Filling up the DagBag from /opt/airflow/dags/sample_dag.py
[2023-09-06T08:51:47.014+0000] {processor.py:839} INFO - DAG(s) dict_keys(['sample_dag']) retrieved from /opt/airflow/dags/sample_dag.py
[2023-09-06T08:51:47.038+0000] {logging_mixin.py:151} INFO - [2023-09-06T08:51:47.038+0000] {dag.py:2907} INFO - Sync 1 DAGs
[2023-09-06T08:51:47.049+0000] {logging_mixin.py:151} INFO - [2023-09-06T08:51:47.048+0000] {dag.py:3677} INFO - Setting next_dagrun for sample_dag to None, run_after=None
[2023-09-06T08:51:47.066+0000] {processor.py:179} INFO - Processing /opt/airflow/dags/sample_dag.py took 0.066 seconds
[2023-09-06T08:52:17.213+0000] {processor.py:157} INFO - Started process (PID=594) to work on /opt/airflow/dags/sample_dag.py
[2023-09-06T08:52:17.213+0000] {processor.py:829} INFO - Processing file /opt/airflow/dags/sample_dag.py for tasks to queue
[2023-09-06T08:52:17.215+0000] {logging_mixin.py:151} INFO - [2023-09-06T08:52:17.215+0000] {dagbag.py:539} INFO - Filling up the DagBag from /opt/airflow/dags/sample_dag.py
[2023-09-06T08:52:17.223+0000] {processor.py:839} INFO - DAG(s) dict_keys(['sample_dag']) retrieved from /opt/airflow/dags/sample_dag.py
[2023-09-06T08:52:17.248+0000] {logging_mixin.py:151} INFO - [2023-09-06T08:52:17.247+0000] {dag.py:2907} INFO - Sync 1 DAGs
[2023-09-06T08:52:17.257+0000] {logging_mixin.py:151} INFO - [2023-09-06T08:52:17.257+0000] {dag.py:3677} INFO - Setting next_dagrun for sample_dag to None, run_after=None
[2023-09-06T08:52:17.274+0000] {processor.py:179} INFO - Processing /opt/airflow/dags/sample_dag.py took 0.065 seconds
